<?xml version="1.0" encoding="UTF-8"?>
<!-- Generated by org.testng.reporters.JUnitReportReporter -->
<testsuite hostname="DESKTOP-HKLU73H" failures="0" tests="4" name="com.restassured.test.UserTest" time="11.315" errors="0" timestamp="2023-07-23T13:17:48 IST" skipped="0">
  <testcase classname="com.restassured.test.UserTest" name="testPostUser" time="5.653"/>
  <system-out/>
  <testcase classname="com.restassured.test.UserTest" name="testGetUserName" time="1.392"/>
  <system-out/>
  <testcase classname="com.restassured.test.UserTest" name="testUpdateByUserName" time="2.931"/>
  <system-out/>
  <testcase classname="com.restassured.test.UserTest" name="testDeleteUser" time="1.339"/>
  <system-out/>
</testsuite> <!-- com.restassured.test.UserTest -->
